{"D:\\finance-tracker\\src\\server.ts": {"path":"D:\\finance-tracker\\src\\server.ts","statementMap":{"0":{"start":{"line":1,"column":0},"end":{"line":1,"column":53}},"1":{"start":{"line":2,"column":0},"end":{"line":2,"column":45}},"2":{"start":{"line":4,"column":12},"end":{"line":4,"column":21}},"3":{"start":{"line":5,"column":13},"end":{"line":5,"column":17}},"4":{"start":{"line":8,"column":0},"end":{"line":8,"column":24}},"5":{"start":{"line":11,"column":0},"end":{"line":13,"column":3}},"6":{"start":{"line":12,"column":2},"end":{"line":12,"column":26}},"7":{"start":{"line":15,"column":0},"end":{"line":15,"column":33}},"8":{"start":{"line":17,"column":0},"end":{"line":19,"column":3}},"9":{"start":{"line":18,"column":2},"end":{"line":18,"column":66}}},"fnMap":{"0":{"name":"(anonymous_1)","decl":{"start":{"line":11,"column":13},"end":{"line":11,"column":14}},"loc":{"start":{"line":11,"column":45},"end":{"line":13,"column":1}}},"1":{"name":"(anonymous_2)","decl":{"start":{"line":17,"column":17},"end":{"line":17,"column":20}},"loc":{"start":{"line":17,"column":22},"end":{"line":19,"column":1}}}},"branchMap":{},"s":{"0":0,"1":0,"2":0,"3":0,"4":0,"5":0,"6":0,"7":0,"8":0,"9":0},"f":{"0":0,"1":0},"b":{}}
,"D:\\finance-tracker\\src\\config\\database.ts": {"path":"D:\\finance-tracker\\src\\config\\database.ts","statementMap":{"0":{"start":{"line":1,"column":0},"end":{"line":1,"column":46}},"1":{"start":{"line":3,"column":13},"end":{"line":5,"column":3}},"2":{"start":{"line":8,"column":25},"end":{"line":10,"column":2}},"3":{"start":{"line":8,"column":51},"end":{"line":10,"column":2}},"4":{"start":{"line":9,"column":2},"end":{"line":9,"column":29}},"5":{"start":{"line":12,"column":0},"end":{"line":12,"column":39}},"6":{"start":{"line":13,"column":0},"end":{"line":13,"column":40}}},"fnMap":{"0":{"name":"(anonymous_7)","decl":{"start":{"line":8,"column":25},"end":{"line":8,"column":49}},"loc":{"start":{"line":8,"column":51},"end":{"line":10,"column":2}}},"1":{"name":"(anonymous_8)","decl":{"start":{"line":8,"column":51},"end":{"line":8,"column":null}},"loc":{"start":{"line":8,"column":51},"end":{"line":10,"column":1}}}},"branchMap":{"0":{"loc":{"start":{"line":4,"column":7},"end":{"line":4,"column":86}},"type":"cond-expr","locations":[{"start":{"line":4,"column":48},"end":{"line":4,"column":74}},{"start":{"line":4,"column":77},"end":{"line":4,"column":86}}]}},"s":{"0":0,"1":0,"2":0,"3":0,"4":0,"5":0,"6":0},"f":{"0":0,"1":0},"b":{"0":[0,0]}}
,"D:\\finance-tracker\\src\\config\\env.ts": {"path":"D:\\finance-tracker\\src\\config\\env.ts","statementMap":{"0":{"start":{"line":20,"column":0},"end":{"line":20,"column":16}},"1":{"start":{"line":1,"column":0},"end":{"line":1,"column":28}},"2":{"start":{"line":2,"column":0},"end":{"line":2,"column":16}},"3":{"start":{"line":4,"column":24},"end":{"line":4,"column":71}},"4":{"start":{"line":6,"column":20},"end":{"line":16,"column":1}},"5":{"start":{"line":7,"column":28},"end":{"line":7,"column":30}},"6":{"start":{"line":8,"column":2},"end":{"line":12,"column":3}},"7":{"start":{"line":9,"column":4},"end":{"line":11,"column":5}},"8":{"start":{"line":10,"column":6},"end":{"line":10,"column":27}},"9":{"start":{"line":13,"column":2},"end":{"line":15,"column":3}},"10":{"start":{"line":14,"column":4},"end":{"line":14,"column":85}},"11":{"start":{"line":18,"column":0},"end":{"line":18,"column":14}},"12":{"start":{"line":21,"column":17},"end":{"line":21,"column":39}},"13":{"start":{"line":22,"column":2},"end":{"line":22,"column":71}},"14":{"start":{"line":22,"column":15},"end":{"line":22,"column":71}},"15":{"start":{"line":23,"column":2},"end":{"line":23,"column":16}},"16":{"start":{"line":26,"column":13},"end":{"line":31,"column":11}}},"fnMap":{"0":{"name":"(anonymous_1)","decl":{"start":{"line":6,"column":20},"end":{"line":6,"column":29}},"loc":{"start":{"line":6,"column":31},"end":{"line":16,"column":1}}},"1":{"name":"getJwtSecret","decl":{"start":{"line":20,"column":16},"end":{"line":20,"column":28}},"loc":{"start":{"line":20,"column":28},"end":{"line":24,"column":1}}}},"branchMap":{"0":{"loc":{"start":{"line":9,"column":4},"end":{"line":11,"column":5}},"type":"if","locations":[{"start":{"line":9,"column":4},"end":{"line":11,"column":5}},{"start":{},"end":{}}]},"1":{"loc":{"start":{"line":13,"column":2},"end":{"line":15,"column":3}},"type":"if","locations":[{"start":{"line":13,"column":2},"end":{"line":15,"column":3}},{"start":{},"end":{}}]},"2":{"loc":{"start":{"line":22,"column":2},"end":{"line":22,"column":71}},"type":"if","locations":[{"start":{"line":22,"column":2},"end":{"line":22,"column":71}},{"start":{},"end":{}}]},"3":{"loc":{"start":{"line":27,"column":8},"end":{"line":27,"column":40}},"type":"binary-expr","locations":[{"start":{"line":27,"column":8},"end":{"line":27,"column":32}},{"start":{"line":27,"column":36},"end":{"line":27,"column":40}}]},"4":{"loc":{"start":{"line":29,"column":11},"end":{"line":29,"column":48}},"type":"binary-expr","locations":[{"start":{"line":29,"column":11},"end":{"line":29,"column":31}},{"start":{"line":29,"column":35},"end":{"line":29,"column":48}}]}},"s":{"0":0,"1":0,"2":0,"3":0,"4":0,"5":0,"6":0,"7":0,"8":0,"9":0,"10":0,"11":0,"12":0,"13":0,"14":0,"15":0,"16":0},"f":{"0":0,"1":0},"b":{"0":[0,0],"1":[0,0],"2":[0,0],"3":[0,0],"4":[0,0]}}
,"D:\\finance-tracker\\src\\controllers\\auth.controller.ts": {"path":"D:\\finance-tracker\\src\\controllers\\auth.controller.ts","statementMap":{"0":{"start":{"line":22,"column":0},"end":{"line":22,"column":22}},"1":{"start":{"line":87,"column":0},"end":{"line":87,"column":22}},"2":{"start":{"line":2,"column":0},"end":{"line":2,"column":null}},"3":{"start":{"line":26,"column":2},"end":{"line":84,"column":3}},"4":{"start":{"line":28,"column":38},"end":{"line":28,"column":46}},"5":{"start":{"line":32,"column":4},"end":{"line":38,"column":5}},"6":{"start":{"line":33,"column":6},"end":{"line":36,"column":9}},"7":{"start":{"line":37,"column":6},"end":{"line":37,"column":13}},"8":{"start":{"line":41,"column":20},"end":{"line":41,"column":68}},"9":{"start":{"line":44,"column":4},"end":{"line":48,"column":7}},"10":{"start":{"line":52,"column":6},"end":{"line":52,"column":78}},"11":{"start":{"line":55,"column":4},"end":{"line":64,"column":5}},"12":{"start":{"line":59,"column":6},"end":{"line":62,"column":9}},"13":{"start":{"line":63,"column":6},"end":{"line":63,"column":13}},"14":{"start":{"line":67,"column":4},"end":{"line":77,"column":5}},"15":{"start":{"line":72,"column":6},"end":{"line":75,"column":9}},"16":{"start":{"line":76,"column":6},"end":{"line":76,"column":13}},"17":{"start":{"line":80,"column":4},"end":{"line":83,"column":7}},"18":{"start":{"line":91,"column":2},"end":{"line":120,"column":3}},"19":{"start":{"line":92,"column":32},"end":{"line":92,"column":40}},"20":{"start":{"line":94,"column":4},"end":{"line":97,"column":5}},"21":{"start":{"line":95,"column":6},"end":{"line":95,"column":90}},"22":{"start":{"line":96,"column":6},"end":{"line":96,"column":13}},"23":{"start":{"line":99,"column":19},"end":{"line":99,"column":58}},"24":{"start":{"line":101,"column":4},"end":{"line":101,"column":58}},"25":{"start":{"line":103,"column":25},"end":{"line":103,"column":97}},"26":{"start":{"line":105,"column":4},"end":{"line":108,"column":5}},"27":{"start":{"line":106,"column":6},"end":{"line":106,"column":85}},"28":{"start":{"line":107,"column":6},"end":{"line":107,"column":13}},"29":{"start":{"line":110,"column":4},"end":{"line":117,"column":5}},"30":{"start":{"line":115,"column":6},"end":{"line":115,"column":70}},"31":{"start":{"line":116,"column":6},"end":{"line":116,"column":13}},"32":{"start":{"line":119,"column":4},"end":{"line":119,"column":87}}},"fnMap":{"0":{"name":"register","decl":{"start":{"line":22,"column":22},"end":{"line":22,"column":30}},"loc":{"start":{"line":24,"column":46},"end":{"line":85,"column":null}}},"1":{"name":"login","decl":{"start":{"line":87,"column":22},"end":{"line":87,"column":27}},"loc":{"start":{"line":89,"column":43},"end":{"line":121,"column":null}}}},"branchMap":{"0":{"loc":{"start":{"line":32,"column":4},"end":{"line":38,"column":5}},"type":"if","locations":[{"start":{"line":32,"column":4},"end":{"line":38,"column":5}},{"start":{},"end":{}}]},"1":{"loc":{"start":{"line":32,"column":8},"end":{"line":32,"column":27}},"type":"binary-expr","locations":[{"start":{"line":32,"column":8},"end":{"line":32,"column":14}},{"start":{"line":32,"column":18},"end":{"line":32,"column":27}}]},"2":{"loc":{"start":{"line":52,"column":6},"end":{"line":52,"column":78}},"type":"cond-expr","locations":[{"start":{"line":52,"column":31},"end":{"line":52,"column":44}},{"start":{"line":52,"column":47},"end":{"line":52,"column":78}}]},"3":{"loc":{"start":{"line":55,"column":4},"end":{"line":64,"column":5}},"type":"if","locations":[{"start":{"line":55,"column":4},"end":{"line":64,"column":5}},{"start":{},"end":{}}]},"4":{"loc":{"start":{"line":56,"column":6},"end":{"line":57,"column":45}},"type":"binary-expr","locations":[{"start":{"line":56,"column":6},"end":{"line":56,"column":52}},{"start":{"line":57,"column":6},"end":{"line":57,"column":45}}]},"5":{"loc":{"start":{"line":67,"column":4},"end":{"line":77,"column":5}},"type":"if","locations":[{"start":{"line":67,"column":4},"end":{"line":77,"column":5}},{"start":{},"end":{}}]},"6":{"loc":{"start":{"line":68,"column":6},"end":{"line":70,"column":38}},"type":"binary-expr","locations":[{"start":{"line":68,"column":6},"end":{"line":68,"column":42}},{"start":{"line":69,"column":6},"end":{"line":69,"column":38}},{"start":{"line":70,"column":6},"end":{"line":70,"column":38}}]},"7":{"loc":{"start":{"line":94,"column":4},"end":{"line":97,"column":5}},"type":"if","locations":[{"start":{"line":94,"column":4},"end":{"line":97,"column":5}},{"start":{},"end":{}}]},"8":{"loc":{"start":{"line":94,"column":8},"end":{"line":94,"column":27}},"type":"binary-expr","locations":[{"start":{"line":94,"column":8},"end":{"line":94,"column":14}},{"start":{"line":94,"column":18},"end":{"line":94,"column":27}}]},"9":{"loc":{"start":{"line":103,"column":25},"end":{"line":103,"column":97}},"type":"cond-expr","locations":[{"start":{"line":103,"column":50},"end":{"line":103,"column":63}},{"start":{"line":103,"column":66},"end":{"line":103,"column":97}}]},"10":{"loc":{"start":{"line":105,"column":4},"end":{"line":108,"column":5}},"type":"if","locations":[{"start":{"line":105,"column":4},"end":{"line":108,"column":5}},{"start":{},"end":{}}]},"11":{"loc":{"start":{"line":110,"column":4},"end":{"line":117,"column":5}},"type":"if","locations":[{"start":{"line":110,"column":4},"end":{"line":117,"column":5}},{"start":{},"end":{}}]},"12":{"loc":{"start":{"line":111,"column":6},"end":{"line":113,"column":38}},"type":"binary-expr","locations":[{"start":{"line":111,"column":6},"end":{"line":111,"column":42}},{"start":{"line":112,"column":6},"end":{"line":112,"column":38}},{"start":{"line":113,"column":6},"end":{"line":113,"column":38}}]}},"s":{"0":0,"1":0,"2":0,"3":0,"4":0,"5":0,"6":0,"7":0,"8":0,"9":0,"10":0,"11":0,"12":0,"13":0,"14":0,"15":0,"16":0,"17":0,"18":0,"19":0,"20":0,"21":0,"22":0,"23":0,"24":0,"25":0,"26":0,"27":0,"28":0,"29":0,"30":0,"31":0,"32":0},"f":{"0":0,"1":0},"b":{"0":[0,0],"1":[0,0],"2":[0,0],"3":[0,0],"4":[0,0],"5":[0,0],"6":[0,0,0],"7":[0,0],"8":[0,0],"9":[0,0],"10":[0,0],"11":[0,0],"12":[0,0,0]}}
,"D:\\finance-tracker\\src\\middlewares\\auth.middleware.ts": {"path":"D:\\finance-tracker\\src\\middlewares\\auth.middleware.ts","statementMap":{"0":{"start":{"line":19,"column":0},"end":{"line":19,"column":16}},"1":{"start":{"line":2,"column":0},"end":{"line":2,"column":43}},"2":{"start":{"line":20,"column":21},"end":{"line":20,"column":81}},"3":{"start":{"line":21,"column":2},"end":{"line":23,"column":3}},"4":{"start":{"line":22,"column":4},"end":{"line":22,"column":93}},"5":{"start":{"line":25,"column":16},"end":{"line":25,"column":37}},"6":{"start":{"line":26,"column":2},"end":{"line":28,"column":3}},"7":{"start":{"line":27,"column":4},"end":{"line":27,"column":95}},"8":{"start":{"line":30,"column":16},"end":{"line":30,"column":24}},"9":{"start":{"line":32,"column":2},"end":{"line":45,"column":3}},"10":{"start":{"line":33,"column":20},"end":{"line":33,"column":50}},"11":{"start":{"line":36,"column":4},"end":{"line":40,"column":6}},"12":{"start":{"line":42,"column":4},"end":{"line":42,"column":18}},"13":{"start":{"line":44,"column":4},"end":{"line":44,"column":89}},"14":{"start":{"line":48,"column":0},"end":{"line":48,"column":28}}},"fnMap":{"0":{"name":"authenticate","decl":{"start":{"line":19,"column":16},"end":{"line":19,"column":28}},"loc":{"start":{"line":19,"column":76},"end":{"line":46,"column":1}}}},"branchMap":{"0":{"loc":{"start":{"line":20,"column":21},"end":{"line":20,"column":81}},"type":"binary-expr","locations":[{"start":{"line":20,"column":21},"end":{"line":20,"column":49}},{"start":{"line":20,"column":53},"end":{"line":20,"column":81}}]},"1":{"loc":{"start":{"line":21,"column":2},"end":{"line":23,"column":3}},"type":"if","locations":[{"start":{"line":21,"column":2},"end":{"line":23,"column":3}},{"start":{},"end":{}}]},"2":{"loc":{"start":{"line":21,"column":6},"end":{"line":21,"column":51}},"type":"binary-expr","locations":[{"start":{"line":21,"column":6},"end":{"line":21,"column":17}},{"start":{"line":21,"column":21},"end":{"line":21,"column":51}}]},"3":{"loc":{"start":{"line":26,"column":2},"end":{"line":28,"column":3}},"type":"if","locations":[{"start":{"line":26,"column":2},"end":{"line":28,"column":3}},{"start":{},"end":{}}]},"4":{"loc":{"start":{"line":26,"column":6},"end":{"line":26,"column":49}},"type":"binary-expr","locations":[{"start":{"line":26,"column":6},"end":{"line":26,"column":24}},{"start":{"line":26,"column":28},"end":{"line":26,"column":49}}]},"5":{"loc":{"start":{"line":37,"column":10},"end":{"line":37,"column":56}},"type":"cond-expr","locations":[{"start":{"line":37,"column":24},"end":{"line":37,"column":43}},{"start":{"line":37,"column":46},"end":{"line":37,"column":56}}]},"6":{"loc":{"start":{"line":39,"column":13},"end":{"line":39,"column":32}},"type":"binary-expr","locations":[{"start":{"line":39,"column":13},"end":{"line":39,"column":26}},{"start":{"line":39,"column":30},"end":{"line":39,"column":32}}]}},"s":{"0":0,"1":0,"2":0,"3":0,"4":0,"5":0,"6":0,"7":0,"8":0,"9":0,"10":0,"11":0,"12":0,"13":0,"14":0},"f":{"0":0},"b":{"0":[0,0],"1":[0,0],"2":[0,0],"3":[0,0],"4":[0,0],"5":[0,0],"6":[0,0]}}
,"D:\\finance-tracker\\src\\prisma\\seed.ts": {"path":"D:\\finance-tracker\\src\\prisma\\seed.ts","statementMap":{"0":{"start":{"line":1,"column":0},"end":{"line":1,"column":46}},"1":{"start":{"line":4,"column":15},"end":{"line":4,"column":33}},"2":{"start":{"line":7,"column":2},"end":{"line":7,"column":33}},"3":{"start":{"line":11,"column":2},"end":{"line":11,"column":40}},"4":{"start":{"line":12,"column":2},"end":{"line":12,"column":33}},"5":{"start":{"line":13,"column":2},"end":{"line":13,"column":35}},"6":{"start":{"line":15,"column":17},"end":{"line":21,"column":4}},"7":{"start":{"line":22,"column":2},"end":{"line":22,"column":77}},"8":{"start":{"line":24,"column":2},"end":{"line":43,"column":5}},"9":{"start":{"line":44,"column":2},"end":{"line":44,"column":56}},"10":{"start":{"line":45,"column":2},"end":{"line":45,"column":33}},"11":{"start":{"line":49,"column":0},"end":{"line":58,"column":5}},"12":{"start":{"line":52,"column":4},"end":{"line":52,"column":53}},"13":{"start":{"line":53,"column":4},"end":{"line":53,"column":20}},"14":{"start":{"line":55,"column":22},"end":{"line":58,"column":4}},"15":{"start":{"line":57,"column":4},"end":{"line":57,"column":31}}},"fnMap":{"0":{"name":"seed","decl":{"start":{"line":6,"column":15},"end":{"line":6,"column":19}},"loc":{"start":{"line":6,"column":19},"end":{"line":46,"column":null}}},"1":{"name":"(anonymous_9)","decl":{"start":{"line":50,"column":9},"end":{"line":50,"column":10}},"loc":{"start":{"line":50,"column":19},"end":{"line":54,"column":3}}},"2":{"name":"(anonymous_10)","decl":{"start":{"line":55,"column":11},"end":{"line":55,"column":20}},"loc":{"start":{"line":55,"column":22},"end":{"line":58,"column":4}}},"3":{"name":"(anonymous_11)","decl":{"start":{"line":55,"column":22},"end":{"line":55,"column":null}},"loc":{"start":{"line":55,"column":22},"end":{"line":58,"column":3}}}},"branchMap":{},"s":{"0":0,"1":0,"2":0,"3":0,"4":0,"5":0,"6":0,"7":0,"8":0,"9":0,"10":0,"11":0,"12":0,"13":0,"14":0,"15":0},"f":{"0":0,"1":0,"2":0,"3":0},"b":{}}
,"D:\\finance-tracker\\src\\routes\\auth.route.ts": {"path":"D:\\finance-tracker\\src\\routes\\auth.route.ts","statementMap":{"0":{"start":{"line":1,"column":0},"end":{"line":1,"column":30}},"1":{"start":{"line":2,"column":0},"end":{"line":2,"column":65}},"2":{"start":{"line":4,"column":15},"end":{"line":4,"column":31}},"3":{"start":{"line":6,"column":0},"end":{"line":6,"column":35}},"4":{"start":{"line":7,"column":0},"end":{"line":7,"column":29}},"5":{"start":{"line":9,"column":0},"end":{"line":9,"column":22}}},"fnMap":{},"branchMap":{},"s":{"0":0,"1":0,"2":0,"3":0,"4":0,"5":0},"f":{},"b":{}}
,"D:\\finance-tracker\\src\\services\\auth.service.ts": {"path":"D:\\finance-tracker\\src\\services\\auth.service.ts","statementMap":{"0":{"start":{"line":18,"column":0},"end":{"line":18,"column":22}},"1":{"start":{"line":60,"column":0},"end":{"line":60,"column":22}},"2":{"start":{"line":1,"column":0},"end":{"line":1,"column":36}},"3":{"start":{"line":2,"column":0},"end":{"line":2,"column":44}},"4":{"start":{"line":9,"column":0},"end":{"line":9,"column":66}},"5":{"start":{"line":10,"column":0},"end":{"line":10,"column":41}},"6":{"start":{"line":12,"column":28},"end":{"line":12,"column":29}},"7":{"start":{"line":19,"column":2},"end":{"line":21,"column":3}},"8":{"start":{"line":20,"column":4},"end":{"line":20,"column":48}},"9":{"start":{"line":23,"column":2},"end":{"line":25,"column":3}},"10":{"start":{"line":24,"column":4},"end":{"line":24,"column":51}},"11":{"start":{"line":27,"column":23},"end":{"line":29,"column":4}},"12":{"start":{"line":31,"column":2},"end":{"line":33,"column":3}},"13":{"start":{"line":32,"column":4},"end":{"line":32,"column":45}},"14":{"start":{"line":35,"column":23},"end":{"line":35,"column":56}},"15":{"start":{"line":37,"column":15},"end":{"line":43,"column":4}},"16":{"start":{"line":45,"column":2},"end":{"line":51,"column":4}},"17":{"start":{"line":61,"column":15},"end":{"line":61,"column":77}},"18":{"start":{"line":64,"column":2},"end":{"line":66,"column":3}},"19":{"start":{"line":65,"column":4},"end":{"line":65,"column":43}},"20":{"start":{"line":68,"column":16},"end":{"line":68,"column":71}},"21":{"start":{"line":69,"column":2},"end":{"line":71,"column":3}},"22":{"start":{"line":70,"column":4},"end":{"line":70,"column":43}},"23":{"start":{"line":73,"column":16},"end":{"line":73,"column":46}},"24":{"start":{"line":75,"column":2},"end":{"line":84,"column":4}}},"fnMap":{"0":{"name":"register","decl":{"start":{"line":18,"column":22},"end":{"line":18,"column":30}},"loc":{"start":{"line":18,"column":52},"end":{"line":52,"column":null}}},"1":{"name":"login","decl":{"start":{"line":60,"column":22},"end":{"line":60,"column":27}},"loc":{"start":{"line":60,"column":46},"end":{"line":85,"column":null}}}},"branchMap":{"0":{"loc":{"start":{"line":19,"column":2},"end":{"line":21,"column":3}},"type":"if","locations":[{"start":{"line":19,"column":2},"end":{"line":21,"column":3}},{"start":{},"end":{}}]},"1":{"loc":{"start":{"line":23,"column":2},"end":{"line":25,"column":3}},"type":"if","locations":[{"start":{"line":23,"column":2},"end":{"line":25,"column":3}},{"start":{},"end":{}}]},"2":{"loc":{"start":{"line":31,"column":2},"end":{"line":33,"column":3}},"type":"if","locations":[{"start":{"line":31,"column":2},"end":{"line":33,"column":3}},{"start":{},"end":{}}]},"3":{"loc":{"start":{"line":40,"column":12},"end":{"line":40,"column":29}},"type":"cond-expr","locations":[{"start":{"line":40,"column":21},"end":{"line":40,"column":25}},{"start":{"line":40,"column":25},"end":{"line":40,"column":29}}]},"4":{"loc":{"start":{"line":40,"column":12},"end":{"line":40,"column":25}},"type":"binary-expr","locations":[{"start":{"line":40,"column":12},"end":{"line":40,"column":25}},{"start":{"line":40,"column":21},"end":{"line":40,"column":25}}]},"5":{"loc":{"start":{"line":64,"column":2},"end":{"line":66,"column":3}},"type":"if","locations":[{"start":{"line":64,"column":2},"end":{"line":66,"column":3}},{"start":{},"end":{}}]},"6":{"loc":{"start":{"line":69,"column":2},"end":{"line":71,"column":3}},"type":"if","locations":[{"start":{"line":69,"column":2},"end":{"line":71,"column":3}},{"start":{},"end":{}}]}},"s":{"0":0,"1":0,"2":0,"3":0,"4":0,"5":0,"6":0,"7":0,"8":0,"9":0,"10":0,"11":0,"12":0,"13":0,"14":0,"15":0,"16":0,"17":0,"18":0,"19":0,"20":0,"21":0,"22":0,"23":0,"24":0},"f":{"0":0,"1":0},"b":{"0":[0,0],"1":[0,0],"2":[0,0],"3":[0,0],"4":[0,0],"5":[0,0],"6":[0,0]}}
,"D:\\finance-tracker\\src\\utils\\jwt.ts": {"path":"D:\\finance-tracker\\src\\utils\\jwt.ts","statementMap":{"0":{"start":{"line":6,"column":0},"end":{"line":6,"column":16}},"1":{"start":{"line":10,"column":0},"end":{"line":10,"column":16}},"2":{"start":{"line":1,"column":0},"end":{"line":1,"column":31}},"3":{"start":{"line":2,"column":0},"end":{"line":2,"column":45}},"4":{"start":{"line":4,"column":27},"end":{"line":4,"column":31}},"5":{"start":{"line":7,"column":2},"end":{"line":7,"column":58}},"6":{"start":{"line":11,"column":2},"end":{"line":11,"column":48}},"7":{"start":{"line":14,"column":0},"end":{"line":14,"column":42}}},"fnMap":{"0":{"name":"signToken","decl":{"start":{"line":6,"column":16},"end":{"line":6,"column":25}},"loc":{"start":{"line":6,"column":73},"end":{"line":8,"column":1}}},"1":{"name":"verifyToken","decl":{"start":{"line":10,"column":16},"end":{"line":10,"column":27}},"loc":{"start":{"line":10,"column":50},"end":{"line":12,"column":1}}}},"branchMap":{"0":{"loc":{"start":{"line":6,"column":43},"end":{"line":6,"column":73}},"type":"default-arg","locations":[{"start":{"line":6,"column":55},"end":{"line":6,"column":73}}]}},"s":{"0":0,"1":0,"2":0,"3":0,"4":0,"5":0,"6":0,"7":0},"f":{"0":0,"1":0},"b":{"0":[0]}}
,"D:\\finance-tracker\\src\\utils\\password.ts": {"path":"D:\\finance-tracker\\src\\utils\\password.ts","statementMap":{"0":{"start":{"line":9,"column":0},"end":{"line":9,"column":22}},"1":{"start":{"line":16,"column":0},"end":{"line":16,"column":22}},"2":{"start":{"line":1,"column":0},"end":{"line":1,"column":28}},"3":{"start":{"line":3,"column":20},"end":{"line":3,"column":22}},"4":{"start":{"line":10,"column":2},"end":{"line":10,"column":49}},"5":{"start":{"line":20,"column":2},"end":{"line":20,"column":55}}},"fnMap":{"0":{"name":"hashPassword","decl":{"start":{"line":9,"column":22},"end":{"line":9,"column":34}},"loc":{"start":{"line":9,"column":56},"end":{"line":11,"column":null}}},"1":{"name":"comparePassword","decl":{"start":{"line":16,"column":22},"end":{"line":16,"column":37}},"loc":{"start":{"line":18,"column":24},"end":{"line":21,"column":null}}}},"branchMap":{},"s":{"0":1,"1":1,"2":1,"3":1,"4":4,"5":3},"f":{"0":4,"1":3},"b":{}}
}
