TN:
SF:src\server.ts
FN:11,(anonymous_1)
FN:17,(anonymous_2)
FNF:2
FNH:0
FNDA:0,(anonymous_1)
FNDA:0,(anonymous_2)
DA:1,0
DA:2,0
DA:4,0
DA:5,0
DA:8,0
DA:11,0
DA:12,0
DA:15,0
DA:17,0
DA:18,0
LF:10
LH:0
BRF:0
BRH:0
end_of_record
TN:
SF:src\config\database.ts
FN:8,(anonymous_7)
FN:8,(anonymous_8)
FNF:2
FNH:0
FNDA:0,(anonymous_7)
FNDA:0,(anonymous_8)
DA:1,0
DA:3,0
DA:8,0
DA:9,0
DA:12,0
DA:13,0
LF:6
LH:0
BRDA:4,0,0,0
BRDA:4,0,1,0
BRF:2
BRH:0
end_of_record
TN:
SF:src\config\env.ts
FN:6,(anonymous_1)
FN:20,getJwtSecret
FNF:2
FNH:0
FNDA:0,(anonymous_1)
FNDA:0,getJwtSecret
DA:1,0
DA:2,0
DA:4,0
DA:6,0
DA:7,0
DA:8,0
DA:9,0
DA:10,0
DA:13,0
DA:14,0
DA:18,0
DA:20,0
DA:21,0
DA:22,0
DA:23,0
DA:26,0
LF:16
LH:0
BRDA:9,0,0,0
BRDA:9,0,1,0
BRDA:13,1,0,0
BRDA:13,1,1,0
BRDA:22,2,0,0
BRDA:22,2,1,0
BRDA:27,3,0,0
BRDA:27,3,1,0
BRDA:29,4,0,0
BRDA:29,4,1,0
BRF:10
BRH:0
end_of_record
TN:
SF:src\controllers\auth.controller.ts
FN:22,register
FN:87,login
FNF:2
FNH:0
FNDA:0,register
FNDA:0,login
DA:2,0
DA:22,0
DA:26,0
DA:28,0
DA:32,0
DA:33,0
DA:37,0
DA:41,0
DA:44,0
DA:52,0
DA:55,0
DA:59,0
DA:63,0
DA:67,0
DA:72,0
DA:76,0
DA:80,0
DA:87,0
DA:91,0
DA:92,0
DA:94,0
DA:95,0
DA:96,0
DA:99,0
DA:101,0
DA:103,0
DA:105,0
DA:106,0
DA:107,0
DA:110,0
DA:115,0
DA:116,0
DA:119,0
LF:33
LH:0
BRDA:32,0,0,0
BRDA:32,0,1,0
BRDA:32,1,0,0
BRDA:32,1,1,0
BRDA:52,2,0,0
BRDA:52,2,1,0
BRDA:55,3,0,0
BRDA:55,3,1,0
BRDA:56,4,0,0
BRDA:56,4,1,0
BRDA:67,5,0,0
BRDA:67,5,1,0
BRDA:68,6,0,0
BRDA:68,6,1,0
BRDA:68,6,2,0
BRDA:94,7,0,0
BRDA:94,7,1,0
BRDA:94,8,0,0
BRDA:94,8,1,0
BRDA:103,9,0,0
BRDA:103,9,1,0
BRDA:105,10,0,0
BRDA:105,10,1,0
BRDA:110,11,0,0
BRDA:110,11,1,0
BRDA:111,12,0,0
BRDA:111,12,1,0
BRDA:111,12,2,0
BRF:28
BRH:0
end_of_record
TN:
SF:src\middlewares\auth.middleware.ts
FN:19,authenticate
FNF:1
FNH:0
FNDA:0,authenticate
DA:2,0
DA:19,0
DA:20,0
DA:21,0
DA:22,0
DA:25,0
DA:26,0
DA:27,0
DA:30,0
DA:32,0
DA:33,0
DA:36,0
DA:42,0
DA:44,0
DA:48,0
LF:15
LH:0
BRDA:20,0,0,0
BRDA:20,0,1,0
BRDA:21,1,0,0
BRDA:21,1,1,0
BRDA:21,2,0,0
BRDA:21,2,1,0
BRDA:26,3,0,0
BRDA:26,3,1,0
BRDA:26,4,0,0
BRDA:26,4,1,0
BRDA:37,5,0,0
BRDA:37,5,1,0
BRDA:39,6,0,0
BRDA:39,6,1,0
BRF:14
BRH:0
end_of_record
TN:
SF:src\prisma\seed.ts
FN:6,seed
FN:50,(anonymous_9)
FN:55,(anonymous_10)
FN:55,(anonymous_11)
FNF:4
FNH:0
FNDA:0,seed
FNDA:0,(anonymous_9)
FNDA:0,(anonymous_10)
FNDA:0,(anonymous_11)
DA:1,0
DA:4,0
DA:7,0
DA:11,0
DA:12,0
DA:13,0
DA:15,0
DA:22,0
DA:24,0
DA:44,0
DA:45,0
DA:49,0
DA:52,0
DA:53,0
DA:55,0
DA:57,0
LF:16
LH:0
BRF:0
BRH:0
end_of_record
TN:
SF:src\routes\auth.route.ts
FNF:0
FNH:0
DA:1,0
DA:2,0
DA:4,0
DA:6,0
DA:7,0
DA:9,0
LF:6
LH:0
BRF:0
BRH:0
end_of_record
TN:
SF:src\services\auth.service.ts
FN:18,register
FN:60,login
FNF:2
FNH:0
FNDA:0,register
FNDA:0,login
DA:1,0
DA:2,0
DA:9,0
DA:10,0
DA:12,0
DA:18,0
DA:19,0
DA:20,0
DA:23,0
DA:24,0
DA:27,0
DA:31,0
DA:32,0
DA:35,0
DA:37,0
DA:45,0
DA:60,0
DA:61,0
DA:64,0
DA:65,0
DA:68,0
DA:69,0
DA:70,0
DA:73,0
DA:75,0
LF:25
LH:0
BRDA:19,0,0,0
BRDA:19,0,1,0
BRDA:23,1,0,0
BRDA:23,1,1,0
BRDA:31,2,0,0
BRDA:31,2,1,0
BRDA:40,3,0,0
BRDA:40,3,1,0
BRDA:40,4,0,0
BRDA:40,4,1,0
BRDA:64,5,0,0
BRDA:64,5,1,0
BRDA:69,6,0,0
BRDA:69,6,1,0
BRF:14
BRH:0
end_of_record
TN:
SF:src\utils\jwt.ts
FN:6,signToken
FN:10,verifyToken
FNF:2
FNH:0
FNDA:0,signToken
FNDA:0,verifyToken
DA:1,0
DA:2,0
DA:4,0
DA:6,0
DA:7,0
DA:10,0
DA:11,0
DA:14,0
LF:8
LH:0
BRDA:6,0,0,0
BRF:1
BRH:0
end_of_record
TN:
SF:src\utils\password.ts
FN:9,hashPassword
FN:16,comparePassword
FNF:2
FNH:2
FNDA:4,hashPassword
FNDA:3,comparePassword
DA:1,1
DA:3,1
DA:9,1
DA:10,4
DA:16,1
DA:20,3
LF:6
LH:6
BRF:0
BRH:0
end_of_record
